<?xml version="1.0" encoding="UTF-8"?>
<!-- Generated by org.testng.reporters.JUnitXMLReporter -->
<testsuite ignored="0" hostname="DESKTOP-663MMVN" failures="0" tests="3" name="ChromeTest" time="68.643" errors="0" timestamp="2024-12-26T19:36:36 IST">
  <testcase classname="test.TestCase3" name="method" time="20.796">
    <skipped/>
  </testcase> <!-- method -->
  <testcase classname="test.TestCase3" name="method" time="20.43">
    <skipped/>
  </testcase> <!-- method -->
  <testcase classname="test.TestCase3" name="method" time="6.116"/>
</testsuite> <!-- ChromeTest -->
